<?xml version="1.0" encoding="UTF-8"?>
<testng-results ignored="0" total="6" passed="6" failed="0" skipped="0">
  <reporter-output>
  </reporter-output>
  <suite started-at="2024-09-26T00:39:29 CEST" name="Default suite" finished-at="2024-09-26T00:39:36 CEST" duration-ms="6972">
    <groups>
      <group name="cucumber">
        <method signature="AbstractTestNGCucumberTests.runScenario(io.cucumber.testng.PickleWrapper,io.cucumber.testng.FeatureWrapper)[pri:0, instance:cucumberOptions.TestNGRunner@3f4faf53]" name="runScenario" class="io.cucumber.testng.AbstractTestNGCucumberTests"/>
      </group> <!-- cucumber -->
    </groups>
    <test started-at="2024-09-26T00:39:29 CEST" name="Default test" finished-at="2024-09-26T00:39:36 CEST" duration-ms="6972">
      <class name="cucumberOptions.TestNGRunner">
        <test-method is-config="true" signature="setUpClass(org.testng.ITestContext)[pri:0, instance:cucumberOptions.TestNGRunner@3f4faf53]" started-at="2024-09-26T00:39:29 CEST" name="setUpClass" finished-at="2024-09-26T00:39:30 CEST" duration-ms="646" status="PASS">
          <params>
            <param index="0">
              <value>
                <![CDATA[org.testng.TestRunner@3ce53f6a]]>
              </value>
            </param>
          </params>
          <reporter-output>
          </reporter-output>
        </test-method> <!-- setUpClass -->
        <test-method signature="runScenario(io.cucumber.testng.PickleWrapper,io.cucumber.testng.FeatureWrapper)[pri:0, instance:cucumberOptions.TestNGRunner@3f4faf53]" started-at="2024-09-26T00:39:30 CEST" name="runScenario" description="Runs Cucumber Scenarios" data-provider="scenarios" finished-at="2024-09-26T00:39:36 CEST" duration-ms="5744" status="PASS">
          <params>
            <param index="0">
              <value>
                <![CDATA["Validate the Speciality Details"]]>
              </value>
            </param>
            <param index="1">
              <value>
                <![CDATA["Speciality Details"]]>
              </value>
            </param>
          </params>
          <reporter-output>
          </reporter-output>
        </test-method> <!-- runScenario -->
        <test-method signature="runScenario(io.cucumber.testng.PickleWrapper,io.cucumber.testng.FeatureWrapper)[pri:0, instance:cucumberOptions.TestNGRunner@3f4faf53]" started-at="2024-09-26T00:39:30 CEST" name="runScenario" description="Runs Cucumber Scenarios" data-provider="scenarios" finished-at="2024-09-26T00:39:35 CEST" duration-ms="5391" status="PASS">
          <params>
            <param index="0">
              <value>
                <![CDATA["Adding one more owner for the PetClinic"]]>
              </value>
            </param>
            <param index="1">
              <value>
                <![CDATA["Adding a new owner for the pet."]]>
              </value>
            </param>
          </params>
          <reporter-output>
          </reporter-output>
        </test-method> <!-- runScenario -->
        <test-method signature="runScenario(io.cucumber.testng.PickleWrapper,io.cucumber.testng.FeatureWrapper)[pri:0, instance:cucumberOptions.TestNGRunner@3f4faf53]" started-at="2024-09-26T00:39:30 CEST" name="runScenario" description="Runs Cucumber Scenarios" data-provider="scenarios" finished-at="2024-09-26T00:39:36 CEST" duration-ms="5976" status="PASS">
          <params>
            <param index="0">
              <value>
                <![CDATA["adding a new pet owner for the Pet Clinic"]]>
              </value>
            </param>
            <param index="1">
              <value>
                <![CDATA["Adding a new owner for the pet."]]>
              </value>
            </param>
          </params>
          <reporter-output>
          </reporter-output>
        </test-method> <!-- runScenario -->
        <test-method signature="runScenario(io.cucumber.testng.PickleWrapper,io.cucumber.testng.FeatureWrapper)[pri:0, instance:cucumberOptions.TestNGRunner@3f4faf53]" started-at="2024-09-26T00:39:30 CEST" name="runScenario" description="Runs Cucumber Scenarios" data-provider="scenarios" finished-at="2024-09-26T00:39:36 CEST" duration-ms="6008" status="PASS">
          <params>
            <param index="0">
              <value>
                <![CDATA["adding a new pet owner for the Pet Clinic"]]>
              </value>
            </param>
            <param index="1">
              <value>
                <![CDATA["Adding a new owner for the pet."]]>
              </value>
            </param>
          </params>
          <reporter-output>
          </reporter-output>
        </test-method> <!-- runScenario -->
        <test-method signature="runScenario(io.cucumber.testng.PickleWrapper,io.cucumber.testng.FeatureWrapper)[pri:0, instance:cucumberOptions.TestNGRunner@3f4faf53]" started-at="2024-09-26T00:39:30 CEST" name="runScenario" description="Runs Cucumber Scenarios" data-provider="scenarios" finished-at="2024-09-26T00:39:36 CEST" duration-ms="5698" status="PASS">
          <params>
            <param index="0">
              <value>
                <![CDATA["adding new pet details"]]>
              </value>
            </param>
            <param index="1">
              <value>
                <![CDATA["viewing pet details."]]>
              </value>
            </param>
          </params>
          <reporter-output>
          </reporter-output>
        </test-method> <!-- runScenario -->
        <test-method signature="runScenario(io.cucumber.testng.PickleWrapper,io.cucumber.testng.FeatureWrapper)[pri:0, instance:cucumberOptions.TestNGRunner@3f4faf53]" started-at="2024-09-26T00:39:30 CEST" name="runScenario" description="Runs Cucumber Scenarios" data-provider="scenarios" finished-at="2024-09-26T00:39:35 CEST" duration-ms="5165" status="PASS">
          <params>
            <param index="0">
              <value>
                <![CDATA["viewing new pets details"]]>
              </value>
            </param>
            <param index="1">
              <value>
                <![CDATA["viewing pet details."]]>
              </value>
            </param>
          </params>
          <reporter-output>
          </reporter-output>
        </test-method> <!-- runScenario -->
        <test-method is-config="true" signature="tearDownClass()[pri:0, instance:cucumberOptions.TestNGRunner@3f4faf53]" started-at="2024-09-26T00:39:36 CEST" name="tearDownClass" finished-at="2024-09-26T00:39:36 CEST" duration-ms="282" status="PASS">
          <reporter-output>
          </reporter-output>
        </test-method> <!-- tearDownClass -->
      </class> <!-- cucumberOptions.TestNGRunner -->
    </test> <!-- Default test -->
  </suite> <!-- Default suite -->
</testng-results>
