<?xml version="1.0" encoding="UTF-8"?>
<!-- Generated by org.testng.reporters.JUnitReportReporter -->
<testsuite hostname="LT0336719" failures="0" tests="4" name="cucumberOptions.TestNGRunner" time="15.003" errors="1" timestamp="2024-09-25T17:10:16 CEST" skipped="0">
  <testcase classname="cucumberOptions.TestNGRunner" name="runScenario" time="4.314">
    <error message="element click intercepted: Element &lt;button _ngcontent-ng-c910900098=&quot;&quot; class=&quot;btn btn-default&quot;&gt;...&lt;/button&gt; is not clickable at point (273, 644). Other element would receive the click: &lt;div _ngcontent-ng-c87473289=&quot;&quot; class=&quot;col-12 text-center&quot;&gt;...&lt;/div&gt;
  (Session info: chrome=128.0.6613.138)
Build info: version: &#039;4.25.0&#039;, revision: &#039;8a8aea2337&#039;
System info: os.name: &#039;Windows 10&#039;, os.arch: &#039;amd64&#039;, os.version: &#039;10.0&#039;, java.version: &#039;17.0.7&#039;
Driver info: org.openqa.selenium.chrome.ChromeDriver
Command: [0ed3fe9efc01a2751d012ef244ae7a5f, clickElement {id=f.8916E88C32788682E98720320B61F640.d.5FFB6715DF6CCF8B275C824B598EBDD8.e.37}]
Capabilities {acceptInsecureCerts: false, browserName: chrome, browserVersion: 128.0.6613.138, chrome: {chromedriverVersion: 128.0.6613.86 (3045ed680fda..., userDataDir: D:\users\se03393\AppData\Lo...}, fedcm:accounts: true, goog:chromeOptions: {debuggerAddress: localhost:40756}, networkConnectionEnabled: false, pageLoadStrategy: normal, platformName: windows, proxy: Proxy(), se:cdp: ws://localhost:40756/devtoo..., se:cdpVersion: 128.0.6613.138, setWindowRect: true, strictFileInteractability: false, timeouts: {implicit: 0, pageLoad: 300000, script: 30000}, unhandledPromptBehavior: dismiss and notify, webauthn:extension:credBlob: true, webauthn:extension:largeBlob: true, webauthn:extension:minPinLength: true, webauthn:extension:prf: true, webauthn:virtualAuthenticators: true}
Element: [[ChromeDriver: chrome on windows (0ed3fe9efc01a2751d012ef244ae7a5f)] -&gt; xpath: //button[@class=&#039;btn btn-default&#039; and text()=&#039; Add &#039;]]
Session ID: 0ed3fe9efc01a2751d012ef244ae7a5f" type="org.openqa.selenium.ElementClickInterceptedException">
      <![CDATA[org.openqa.selenium.ElementClickInterceptedException: element click intercepted: Element <button _ngcontent-ng-c910900098="" class="btn btn-default">...</button> is not clickable at point (273, 644). Other element would receive the click: <div _ngcontent-ng-c87473289="" class="col-12 text-center">...</div>
  (Session info: chrome=128.0.6613.138)
Build info: version: '4.25.0', revision: '8a8aea2337'
System info: os.name: 'Windows 10', os.arch: 'amd64', os.version: '10.0', java.version: '17.0.7'
Driver info: org.openqa.selenium.chrome.ChromeDriver
Command: [0ed3fe9efc01a2751d012ef244ae7a5f, clickElement {id=f.8916E88C32788682E98720320B61F640.d.5FFB6715DF6CCF8B275C824B598EBDD8.e.37}]
Capabilities {acceptInsecureCerts: false, browserName: chrome, browserVersion: 128.0.6613.138, chrome: {chromedriverVersion: 128.0.6613.86 (3045ed680fda..., userDataDir: D:\users\se03393\AppData\Lo...}, fedcm:accounts: true, goog:chromeOptions: {debuggerAddress: localhost:40756}, networkConnectionEnabled: false, pageLoadStrategy: normal, platformName: windows, proxy: Proxy(), se:cdp: ws://localhost:40756/devtoo..., se:cdpVersion: 128.0.6613.138, setWindowRect: true, strictFileInteractability: false, timeouts: {implicit: 0, pageLoad: 300000, script: 30000}, unhandledPromptBehavior: dismiss and notify, webauthn:extension:credBlob: true, webauthn:extension:largeBlob: true, webauthn:extension:minPinLength: true, webauthn:extension:prf: true, webauthn:virtualAuthenticators: true}
Element: [[ChromeDriver: chrome on windows (0ed3fe9efc01a2751d012ef244ae7a5f)] -> xpath: //button[@class='btn btn-default' and text()=' Add ']]
Session ID: 0ed3fe9efc01a2751d012ef244ae7a5f
at java.base/jdk.internal.reflect.NativeConstructorAccessorImpl.newInstance0(Native Method)
at java.base/jdk.internal.reflect.NativeConstructorAccessorImpl.newInstance(NativeConstructorAccessorImpl.java:77)
at java.base/jdk.internal.reflect.DelegatingConstructorAccessorImpl.newInstance(DelegatingConstructorAccessorImpl.java:45)
at java.base/java.lang.reflect.Constructor.newInstanceWithCaller(Constructor.java:499)
at java.base/java.lang.reflect.Constructor.newInstance(Constructor.java:480)
at org.openqa.selenium.remote.ErrorCodec.decode(ErrorCodec.java:167)
at org.openqa.selenium.remote.codec.w3c.W3CHttpResponseCodec.decode(W3CHttpResponseCodec.java:138)
at org.openqa.selenium.remote.codec.w3c.W3CHttpResponseCodec.decode(W3CHttpResponseCodec.java:50)
at org.openqa.selenium.remote.HttpCommandExecutor.execute(HttpCommandExecutor.java:190)
at org.openqa.selenium.remote.service.DriverCommandExecutor.invokeExecute(DriverCommandExecutor.java:216)
at org.openqa.selenium.remote.service.DriverCommandExecutor.execute(DriverCommandExecutor.java:174)
at org.openqa.selenium.remote.RemoteWebDriver.execute(RemoteWebDriver.java:545)
at org.openqa.selenium.remote.RemoteWebElement.execute(RemoteWebElement.java:223)
at org.openqa.selenium.remote.RemoteWebElement.click(RemoteWebElement.java:76)
at pageObjects.ViewingPetDetails.AddNewPetDetails(ViewingPetDetails.java:33)
at stepDefinations.viewingPetDetailsStepdefination.user_can_add_new_pets_details(viewingPetDetailsStepdefination.java:42)
at ✽.User can add new Pets Details(file:///D:/Eclipse/petClinic_Validation/src/test/java/features/viewingPetDetails.feature:11)
]]>
    </error>
  </testcase> <!-- runScenario -->
  <testcase classname="cucumberOptions.TestNGRunner" name="runScenario" time="3.644"/>
  <testcase classname="cucumberOptions.TestNGRunner" name="runScenario" time="3.736"/>
  <testcase classname="cucumberOptions.TestNGRunner" name="runScenario" time="3.309"/>
</testsuite> <!-- cucumberOptions.TestNGRunner -->
